e:\multiscreen\capture_qr\x64\release\capture_qr.ipdb
e:\multiscreen\capture_qr\x64\release\capture_qr.iobj
e:\multiscreen\capture_qr\x64\release\vc143.pdb
e:\multiscreen\capture_qr\x64\release\cameracalibrator.obj
e:\multiscreen\capture_qr\x64\release\calibrate.obj
e:\multiscreen\capture_qr\x64\release\capture_qr.obj
e:\multiscreen\capture_qr\x64\release\microsoft.mixedreality.qr.dll
e:\multiscreen\capture_qr\x64\release\microsoft.mixedreality.qr.winmd
e:\multiscreen\capture_qr\x64\release\microsoft.mixedreality.qr.xml
e:\multiscreen\capture_qr\x64\release\capture_qr.exe
e:\multiscreen\capture_qr\x64\release\capture_qr.pdb
e:\multiscreen\capture_qr\x64\release\capture_qr.vcxproj.assemblyreference.cache
e:\multiscreen\capture_qr\x64\release\capture_qr.tlog\capture_qr.write.1u.tlog
e:\multiscreen\capture_qr\x64\release\capture_qr.tlog\cl.command.1.tlog
e:\multiscreen\capture_qr\x64\release\capture_qr.tlog\cl.read.1.tlog
e:\multiscreen\capture_qr\x64\release\capture_qr.tlog\cl.write.1.tlog
e:\multiscreen\capture_qr\x64\release\capture_qr.tlog\copylocal.read.1u.tlog
e:\multiscreen\capture_qr\x64\release\capture_qr.tlog\copylocal.write.1u.tlog
e:\multiscreen\capture_qr\x64\release\capture_qr.tlog\link.command.1.tlog
e:\multiscreen\capture_qr\x64\release\capture_qr.tlog\link.read.1.tlog
e:\multiscreen\capture_qr\x64\release\capture_qr.tlog\link.write.1.tlog
